c:\users\lucao\github\personal\tightvnc-2.8.23\tightvnc-2.8.23\x64\debug\tvnserver-app\tvnserver-app.pdb
c:\users\lucao\github\personal\tightvnc-2.8.23\tightvnc-2.8.23\x64\debug\tvnserver-app\tvnserver-app.idb
c:\users\lucao\github\personal\tightvnc-2.8.23\tightvnc-2.8.23\x64\debug\tvnserver-app\extrarfbservers.obj
c:\users\lucao\github\personal\tightvnc-2.8.23\tightvnc-2.8.23\x64\debug\tvnserver-app\namingdefs.obj
c:\users\lucao\github\personal\tightvnc-2.8.23\tightvnc-2.8.23\x64\debug\tvnserver-app\outgoingrfbconnectionthread.obj
c:\users\lucao\github\personal\tightvnc-2.8.23\tightvnc-2.8.23\x64\debug\tvnserver-app\queryconnectionapplication.obj
c:\users\lucao\github\personal\tightvnc-2.8.23\tightvnc-2.8.23\x64\debug\tvnserver-app\queryconnectioncommandline.obj
c:\users\lucao\github\personal\tightvnc-2.8.23\tightvnc-2.8.23\x64\debug\tvnserver-app\queryconnectiondialog.obj
c:\users\lucao\github\personal\tightvnc-2.8.23\tightvnc-2.8.23\x64\debug\tvnserver-app\rfbclientmanager.obj
c:\users\lucao\github\personal\tightvnc-2.8.23\tightvnc-2.8.23\x64\debug\tvnserver-app\rfbclientmanagereventlistener.obj
c:\users\lucao\github\personal\tightvnc-2.8.23\tightvnc-2.8.23\x64\debug\tvnserver-app\rfbserver.obj
c:\users\lucao\github\personal\tightvnc-2.8.23\tightvnc-2.8.23\x64\debug\tvnserver-app\servercommandline.obj
c:\users\lucao\github\personal\tightvnc-2.8.23\tightvnc-2.8.23\x64\debug\tvnserver-app\servicecontrolapplication.obj
c:\users\lucao\github\personal\tightvnc-2.8.23\tightvnc-2.8.23\x64\debug\tvnserver-app\servicecontrolcommandline.obj
c:\users\lucao\github\personal\tightvnc-2.8.23\tightvnc-2.8.23\x64\debug\tvnserver-app\sessionchangeswatcher.obj
c:\users\lucao\github\personal\tightvnc-2.8.23\tightvnc-2.8.23\x64\debug\tvnserver-app\tvnserver.obj
c:\users\lucao\github\personal\tightvnc-2.8.23\tightvnc-2.8.23\x64\debug\tvnserver-app\tvnserverapplication.obj
c:\users\lucao\github\personal\tightvnc-2.8.23\tightvnc-2.8.23\x64\debug\tvnserver-app\tvnserverhelp.obj
c:\users\lucao\github\personal\tightvnc-2.8.23\tightvnc-2.8.23\x64\debug\tvnserver-app\tvnserverlistener.obj
c:\users\lucao\github\personal\tightvnc-2.8.23\tightvnc-2.8.23\x64\debug\tvnserver-app\tvnservice.obj
c:\users\lucao\github\personal\tightvnc-2.8.23\tightvnc-2.8.23\x64\debug\tvnserver-app\wineventlogwriter.obj
c:\users\lucao\github\personal\tightvnc-2.8.23\tightvnc-2.8.23\x64\debug\tvnserver-app\wsconfigrunner.obj
c:\users\lucao\github\personal\tightvnc-2.8.23\tightvnc-2.8.23\x64\debug\tvnserver-app\additionalactionapplication.obj
c:\users\lucao\github\personal\tightvnc-2.8.23\tightvnc-2.8.23\x64\debug\tvnserver-app\authtracker.obj
c:\users\lucao\github\personal\tightvnc-2.8.23\tightvnc-2.8.23\x64\debug\tvnserver-app\connecttotcpdispatcherthread.obj
c:\users\lucao\github\personal\tightvnc-2.8.23\tightvnc-2.8.23\x64\debug\tvnserver-app\controlappauthenticator.obj
c:\users\lucao\github\personal\tightvnc-2.8.23\tightvnc-2.8.23\x64\debug\tvnserver-app\controlclient.obj
c:\users\lucao\github\personal\tightvnc-2.8.23\tightvnc-2.8.23\x64\debug\tvnserver-app\controlserver.obj
c:\users\lucao\github\personal\tightvnc-2.8.23\tightvnc-2.8.23\x64\debug\tvnserver-app\crashhook.obj
c:\users\lucao\github\personal\tightvnc-2.8.23\tightvnc-2.8.23\x64\debug\tvnserver-app\desktopserverapplication.obj
c:\users\lucao\github\personal\tightvnc-2.8.23\tightvnc-2.8.23\x64\debug\tvnserver-app\desktopservercommandline.obj
c:\users\lucao\github\personal\tightvnc-2.8.23\tightvnc-2.8.23\x64\debug\tvnserver-app.lib
c:\users\lucao\github\personal\tightvnc-2.8.23\tightvnc-2.8.23\x64\debug\tvnserver-app.pdb
c:\users\lucao\github\personal\tightvnc-2.8.23\tightvnc-2.8.23\x64\debug\tvnserver-app\tvnserver-app.tlog\cl.command.1.tlog
c:\users\lucao\github\personal\tightvnc-2.8.23\tightvnc-2.8.23\x64\debug\tvnserver-app\tvnserver-app.tlog\cl.read.1.tlog
c:\users\lucao\github\personal\tightvnc-2.8.23\tightvnc-2.8.23\x64\debug\tvnserver-app\tvnserver-app.tlog\cl.write.1.tlog
c:\users\lucao\github\personal\tightvnc-2.8.23\tightvnc-2.8.23\x64\debug\tvnserver-app\tvnserver-app.tlog\lib-link.read.1.tlog
c:\users\lucao\github\personal\tightvnc-2.8.23\tightvnc-2.8.23\x64\debug\tvnserver-app\tvnserver-app.tlog\lib-link.write.1.tlog
c:\users\lucao\github\personal\tightvnc-2.8.23\tightvnc-2.8.23\x64\debug\tvnserver-app\tvnserver-app.tlog\lib.command.1.tlog
