c:\users\lucao\github\personal\tightvnc-2.8.23\tightvnc-2.8.23\x64\debug\libjpeg\libjpeg.pdb
c:\users\lucao\github\personal\tightvnc-2.8.23\tightvnc-2.8.23\x64\debug\libjpeg\libjpeg.idb
c:\users\lucao\github\personal\tightvnc-2.8.23\tightvnc-2.8.23\x64\debug\libjpeg\jdinput.obj
c:\users\lucao\github\personal\tightvnc-2.8.23\tightvnc-2.8.23\x64\debug\libjpeg\jdmainct.obj
c:\users\lucao\github\personal\tightvnc-2.8.23\tightvnc-2.8.23\x64\debug\libjpeg\jdmarker.obj
c:\users\lucao\github\personal\tightvnc-2.8.23\tightvnc-2.8.23\x64\debug\libjpeg\jdmaster.obj
c:\users\lucao\github\personal\tightvnc-2.8.23\tightvnc-2.8.23\x64\debug\libjpeg\jdmerge.obj
c:\users\lucao\github\personal\tightvnc-2.8.23\tightvnc-2.8.23\x64\debug\libjpeg\jdpostct.obj
c:\users\lucao\github\personal\tightvnc-2.8.23\tightvnc-2.8.23\x64\debug\libjpeg\jdsample.obj
c:\users\lucao\github\personal\tightvnc-2.8.23\tightvnc-2.8.23\x64\debug\libjpeg\jdtrans.obj
c:\users\lucao\github\personal\tightvnc-2.8.23\tightvnc-2.8.23\x64\debug\libjpeg\jerror.obj
c:\users\lucao\github\personal\tightvnc-2.8.23\tightvnc-2.8.23\x64\debug\libjpeg\jfdctflt.obj
c:\users\lucao\github\personal\tightvnc-2.8.23\tightvnc-2.8.23\x64\debug\libjpeg\jfdctfst.obj
c:\users\lucao\github\personal\tightvnc-2.8.23\tightvnc-2.8.23\x64\debug\libjpeg\jfdctint.obj
c:\users\lucao\github\personal\tightvnc-2.8.23\tightvnc-2.8.23\x64\debug\libjpeg\jidctflt.obj
c:\users\lucao\github\personal\tightvnc-2.8.23\tightvnc-2.8.23\x64\debug\libjpeg\jidctfst.obj
c:\users\lucao\github\personal\tightvnc-2.8.23\tightvnc-2.8.23\x64\debug\libjpeg\jidctint.obj
c:\users\lucao\github\personal\tightvnc-2.8.23\tightvnc-2.8.23\x64\debug\libjpeg\jmemmgr.obj
c:\users\lucao\github\personal\tightvnc-2.8.23\tightvnc-2.8.23\x64\debug\libjpeg\jmemnobs.obj
c:\users\lucao\github\personal\tightvnc-2.8.23\tightvnc-2.8.23\x64\debug\libjpeg\jquant1.obj
c:\users\lucao\github\personal\tightvnc-2.8.23\tightvnc-2.8.23\x64\debug\libjpeg\jquant2.obj
c:\users\lucao\github\personal\tightvnc-2.8.23\tightvnc-2.8.23\x64\debug\libjpeg\jutils.obj
c:\users\lucao\github\personal\tightvnc-2.8.23\tightvnc-2.8.23\x64\debug\libjpeg\jchuff.obj
c:\users\lucao\github\personal\tightvnc-2.8.23\tightvnc-2.8.23\x64\debug\libjpeg\jcinit.obj
c:\users\lucao\github\personal\tightvnc-2.8.23\tightvnc-2.8.23\x64\debug\libjpeg\jcmainct.obj
c:\users\lucao\github\personal\tightvnc-2.8.23\tightvnc-2.8.23\x64\debug\libjpeg\jcmarker.obj
c:\users\lucao\github\personal\tightvnc-2.8.23\tightvnc-2.8.23\x64\debug\libjpeg\jcmaster.obj
c:\users\lucao\github\personal\tightvnc-2.8.23\tightvnc-2.8.23\x64\debug\libjpeg\jcomapi.obj
c:\users\lucao\github\personal\tightvnc-2.8.23\tightvnc-2.8.23\x64\debug\libjpeg\jcparam.obj
c:\users\lucao\github\personal\tightvnc-2.8.23\tightvnc-2.8.23\x64\debug\libjpeg\jcphuff.obj
c:\users\lucao\github\personal\tightvnc-2.8.23\tightvnc-2.8.23\x64\debug\libjpeg\jcprepct.obj
c:\users\lucao\github\personal\tightvnc-2.8.23\tightvnc-2.8.23\x64\debug\libjpeg\jcsample.obj
c:\users\lucao\github\personal\tightvnc-2.8.23\tightvnc-2.8.23\x64\debug\libjpeg\jctrans.obj
c:\users\lucao\github\personal\tightvnc-2.8.23\tightvnc-2.8.23\x64\debug\libjpeg\jdapimin.obj
c:\users\lucao\github\personal\tightvnc-2.8.23\tightvnc-2.8.23\x64\debug\libjpeg\jdapistd.obj
c:\users\lucao\github\personal\tightvnc-2.8.23\tightvnc-2.8.23\x64\debug\libjpeg\jdarith.obj
c:\users\lucao\github\personal\tightvnc-2.8.23\tightvnc-2.8.23\x64\debug\libjpeg\jdatadst.obj
c:\users\lucao\github\personal\tightvnc-2.8.23\tightvnc-2.8.23\x64\debug\libjpeg\jdatasrc.obj
c:\users\lucao\github\personal\tightvnc-2.8.23\tightvnc-2.8.23\x64\debug\libjpeg\jdcoefct.obj
c:\users\lucao\github\personal\tightvnc-2.8.23\tightvnc-2.8.23\x64\debug\libjpeg\jdcolor.obj
c:\users\lucao\github\personal\tightvnc-2.8.23\tightvnc-2.8.23\x64\debug\libjpeg\jddctmgr.obj
c:\users\lucao\github\personal\tightvnc-2.8.23\tightvnc-2.8.23\x64\debug\libjpeg\jdhuff.obj
c:\users\lucao\github\personal\tightvnc-2.8.23\tightvnc-2.8.23\x64\debug\libjpeg\jaricom.obj
c:\users\lucao\github\personal\tightvnc-2.8.23\tightvnc-2.8.23\x64\debug\libjpeg\jcapimin.obj
c:\users\lucao\github\personal\tightvnc-2.8.23\tightvnc-2.8.23\x64\debug\libjpeg\jcapistd.obj
c:\users\lucao\github\personal\tightvnc-2.8.23\tightvnc-2.8.23\x64\debug\libjpeg\jcarith.obj
c:\users\lucao\github\personal\tightvnc-2.8.23\tightvnc-2.8.23\x64\debug\libjpeg\jccoefct.obj
c:\users\lucao\github\personal\tightvnc-2.8.23\tightvnc-2.8.23\x64\debug\libjpeg\jccolor.obj
c:\users\lucao\github\personal\tightvnc-2.8.23\tightvnc-2.8.23\x64\debug\libjpeg\jcdctmgr.obj
c:\users\lucao\github\personal\tightvnc-2.8.23\tightvnc-2.8.23\x64\debug\libjpeg.lib
c:\users\lucao\github\personal\tightvnc-2.8.23\tightvnc-2.8.23\x64\debug\libjpeg.pdb
c:\users\lucao\github\personal\tightvnc-2.8.23\tightvnc-2.8.23\x64\debug\libjpeg\libjpeg.tlog\cl.command.1.tlog
c:\users\lucao\github\personal\tightvnc-2.8.23\tightvnc-2.8.23\x64\debug\libjpeg\libjpeg.tlog\cl.read.1.tlog
c:\users\lucao\github\personal\tightvnc-2.8.23\tightvnc-2.8.23\x64\debug\libjpeg\libjpeg.tlog\cl.write.1.tlog
c:\users\lucao\github\personal\tightvnc-2.8.23\tightvnc-2.8.23\x64\debug\libjpeg\libjpeg.tlog\lib-link.read.1.tlog
c:\users\lucao\github\personal\tightvnc-2.8.23\tightvnc-2.8.23\x64\debug\libjpeg\libjpeg.tlog\lib-link.write.1.tlog
c:\users\lucao\github\personal\tightvnc-2.8.23\tightvnc-2.8.23\x64\debug\libjpeg\libjpeg.tlog\lib.command.1.tlog
