c:\users\lucao\github\personal\tightvnc-2.8.23\tightvnc-2.8.23\x64\debug\rfb-sconn\rfb-sconn.pdb
c:\users\lucao\github\personal\tightvnc-2.8.23\tightvnc-2.8.23\x64\debug\rfb-sconn\rfb-sconn.idb
c:\users\lucao\github\personal\tightvnc-2.8.23\tightvnc-2.8.23\x64\debug\rfb-sconn\capcontainer.obj
c:\users\lucao\github\personal\tightvnc-2.8.23\tightvnc-2.8.23\x64\debug\rfb-sconn\clientinputhandler.obj
c:\users\lucao\github\personal\tightvnc-2.8.23\tightvnc-2.8.23\x64\debug\rfb-sconn\clipboardexchange.obj
c:\users\lucao\github\personal\tightvnc-2.8.23\tightvnc-2.8.23\x64\debug\rfb-sconn\encodeoptions.obj
c:\users\lucao\github\personal\tightvnc-2.8.23\tightvnc-2.8.23\x64\debug\rfb-sconn\encoder.obj
c:\users\lucao\github\personal\tightvnc-2.8.23\tightvnc-2.8.23\x64\debug\rfb-sconn\encoderstore.obj
c:\users\lucao\github\personal\tightvnc-2.8.23\tightvnc-2.8.23\x64\debug\rfb-sconn\hextileencoder.obj
c:\users\lucao\github\personal\tightvnc-2.8.23\tightvnc-2.8.23\x64\debug\rfb-sconn\jpegcompressor.obj
c:\users\lucao\github\personal\tightvnc-2.8.23\tightvnc-2.8.23\x64\debug\rfb-sconn\jpegencoder.obj
c:\users\lucao\github\personal\tightvnc-2.8.23\tightvnc-2.8.23\x64\debug\rfb-sconn\rfbclient.obj
c:\users\lucao\github\personal\tightvnc-2.8.23\tightvnc-2.8.23\x64\debug\rfb-sconn\rfbcoderegistrator.obj
c:\users\lucao\github\personal\tightvnc-2.8.23\tightvnc-2.8.23\x64\debug\rfb-sconn\rfbdispatcher.obj
c:\users\lucao\github\personal\tightvnc-2.8.23\tightvnc-2.8.23\x64\debug\rfb-sconn\rfbinitializer.obj
c:\users\lucao\github\personal\tightvnc-2.8.23\tightvnc-2.8.23\x64\debug\rfb-sconn\rreencoder.obj
c:\users\lucao\github\personal\tightvnc-2.8.23\tightvnc-2.8.23\x64\debug\rfb-sconn\tightencoder.obj
c:\users\lucao\github\personal\tightvnc-2.8.23\tightvnc-2.8.23\x64\debug\rfb-sconn\tightpalette.obj
c:\users\lucao\github\personal\tightvnc-2.8.23\tightvnc-2.8.23\x64\debug\rfb-sconn\zrleencoder.obj
c:\users\lucao\github\personal\tightvnc-2.8.23\tightvnc-2.8.23\x64\debug\rfb-sconn.lib
c:\users\lucao\github\personal\tightvnc-2.8.23\tightvnc-2.8.23\x64\debug\rfb-sconn.pdb
c:\users\lucao\github\personal\tightvnc-2.8.23\tightvnc-2.8.23\x64\debug\rfb-sconn\rfb-sconn.tlog\cl.command.1.tlog
c:\users\lucao\github\personal\tightvnc-2.8.23\tightvnc-2.8.23\x64\debug\rfb-sconn\rfb-sconn.tlog\cl.read.1.tlog
c:\users\lucao\github\personal\tightvnc-2.8.23\tightvnc-2.8.23\x64\debug\rfb-sconn\rfb-sconn.tlog\cl.write.1.tlog
c:\users\lucao\github\personal\tightvnc-2.8.23\tightvnc-2.8.23\x64\debug\rfb-sconn\rfb-sconn.tlog\lib-link.read.1.tlog
c:\users\lucao\github\personal\tightvnc-2.8.23\tightvnc-2.8.23\x64\debug\rfb-sconn\rfb-sconn.tlog\lib-link.write.1.tlog
c:\users\lucao\github\personal\tightvnc-2.8.23\tightvnc-2.8.23\x64\debug\rfb-sconn\rfb-sconn.tlog\lib.command.1.tlog
