c:\users\lucao\github\personal\tightvnc-2.8.23\tightvnc-2.8.23\x64\debug\desktop\desktop.pdb
c:\users\lucao\github\personal\tightvnc-2.8.23\tightvnc-2.8.23\x64\debug\desktop\desktop.idb
c:\users\lucao\github\personal\tightvnc-2.8.23\tightvnc-2.8.23\x64\debug\desktop\win32mirrorscreendriver.obj
c:\users\lucao\github\personal\tightvnc-2.8.23\tightvnc-2.8.23\x64\debug\desktop\win32screendriver.obj
c:\users\lucao\github\personal\tightvnc-2.8.23\tightvnc-2.8.23\x64\debug\desktop\win32screendriverbaseimpl.obj
c:\users\lucao\github\personal\tightvnc-2.8.23\tightvnc-2.8.23\x64\debug\desktop\win32screendriverfactory.obj
c:\users\lucao\github\personal\tightvnc-2.8.23\tightvnc-2.8.23\x64\debug\desktop\win8screendriver.obj
c:\users\lucao\github\personal\tightvnc-2.8.23\tightvnc-2.8.23\x64\debug\desktop\win8screendriverimpl.obj
c:\users\lucao\github\personal\tightvnc-2.8.23\tightvnc-2.8.23\x64\debug\desktop\winautomapdxgisurface.obj
c:\users\lucao\github\personal\tightvnc-2.8.23\tightvnc-2.8.23\x64\debug\desktop\wincustomd3d11texture2d.obj
c:\users\lucao\github\personal\tightvnc-2.8.23\tightvnc-2.8.23\x64\debug\desktop\windowsclipboard.obj
c:\users\lucao\github\personal\tightvnc-2.8.23\tightvnc-2.8.23\x64\debug\desktop\windowsinputblocker.obj
c:\users\lucao\github\personal\tightvnc-2.8.23\tightvnc-2.8.23\x64\debug\desktop\windowscursorshapegrabber.obj
c:\users\lucao\github\personal\tightvnc-2.8.23\tightvnc-2.8.23\x64\debug\desktop\windowsscreengrabber.obj
c:\users\lucao\github\personal\tightvnc-2.8.23\tightvnc-2.8.23\x64\debug\desktop\windowsuserinput.obj
c:\users\lucao\github\personal\tightvnc-2.8.23\tightvnc-2.8.23\x64\debug\desktop\wind3d11device.obj
c:\users\lucao\github\personal\tightvnc-2.8.23\tightvnc-2.8.23\x64\debug\desktop\windxgiadapter.obj
c:\users\lucao\github\personal\tightvnc-2.8.23\tightvnc-2.8.23\x64\debug\desktop\windxgidevice.obj
c:\users\lucao\github\personal\tightvnc-2.8.23\tightvnc-2.8.23\x64\debug\desktop\windxgisurface.obj
c:\users\lucao\github\personal\tightvnc-2.8.23\tightvnc-2.8.23\x64\debug\desktop\wind3d11texture2d.obj
c:\users\lucao\github\personal\tightvnc-2.8.23\tightvnc-2.8.23\x64\debug\desktop\winservicedesktopfactory.obj
c:\users\lucao\github\personal\tightvnc-2.8.23\tightvnc-2.8.23\x64\debug\desktop\winvideoregionupdaterimpl.obj
c:\users\lucao\github\personal\tightvnc-2.8.23\tightvnc-2.8.23\x64\debug\desktop\hookupdatetimer.obj
c:\users\lucao\github\personal\tightvnc-2.8.23\tightvnc-2.8.23\x64\debug\desktop\inputblocker.obj
c:\users\lucao\github\personal\tightvnc-2.8.23\tightvnc-2.8.23\x64\debug\desktop\mirrordriverclient.obj
c:\users\lucao\github\personal\tightvnc-2.8.23\tightvnc-2.8.23\x64\debug\desktop\mirrorscreendriver.obj
c:\users\lucao\github\personal\tightvnc-2.8.23\tightvnc-2.8.23\x64\debug\desktop\cursorpositiondetector.obj
c:\users\lucao\github\personal\tightvnc-2.8.23\tightvnc-2.8.23\x64\debug\desktop\cursorshapegrabber.obj
c:\users\lucao\github\personal\tightvnc-2.8.23\tightvnc-2.8.23\x64\debug\desktop\cursorshapedetector.obj
c:\users\lucao\github\personal\tightvnc-2.8.23\tightvnc-2.8.23\x64\debug\desktop\poller.obj
c:\users\lucao\github\personal\tightvnc-2.8.23\tightvnc-2.8.23\x64\debug\desktop\sasuserinput.obj
c:\users\lucao\github\personal\tightvnc-2.8.23\tightvnc-2.8.23\x64\debug\desktop\screengrabber.obj
c:\users\lucao\github\personal\tightvnc-2.8.23\tightvnc-2.8.23\x64\debug\desktop\updatecontainer.obj
c:\users\lucao\github\personal\tightvnc-2.8.23\tightvnc-2.8.23\x64\debug\desktop\updatedetector.obj
c:\users\lucao\github\personal\tightvnc-2.8.23\tightvnc-2.8.23\x64\debug\desktop\updatefilter.obj
c:\users\lucao\github\personal\tightvnc-2.8.23\tightvnc-2.8.23\x64\debug\desktop\updatehandler.obj
c:\users\lucao\github\personal\tightvnc-2.8.23\tightvnc-2.8.23\x64\debug\desktop\updatehandlerimpl.obj
c:\users\lucao\github\personal\tightvnc-2.8.23\tightvnc-2.8.23\x64\debug\desktop\updatekeeper.obj
c:\users\lucao\github\personal\tightvnc-2.8.23\tightvnc-2.8.23\x64\debug\desktop\updatelistener.obj
c:\users\lucao\github\personal\tightvnc-2.8.23\tightvnc-2.8.23\x64\debug\desktop\updatesendinglistener.obj
c:\users\lucao\github\personal\tightvnc-2.8.23\tightvnc-2.8.23\x64\debug\desktop\userinput.obj
c:\users\lucao\github\personal\tightvnc-2.8.23\tightvnc-2.8.23\x64\debug\desktop\wallpaperutil.obj
c:\users\lucao\github\personal\tightvnc-2.8.23\tightvnc-2.8.23\x64\debug\desktop\consolepoller.obj
c:\users\lucao\github\personal\tightvnc-2.8.23\tightvnc-2.8.23\x64\debug\desktop\copyrectdetector.obj
c:\users\lucao\github\personal\tightvnc-2.8.23\tightvnc-2.8.23\x64\debug\desktop\desktopbaseimpl.obj
c:\users\lucao\github\personal\tightvnc-2.8.23\tightvnc-2.8.23\x64\debug\desktop\desktopclientimpl.obj
c:\users\lucao\github\personal\tightvnc-2.8.23\tightvnc-2.8.23\x64\debug\desktop\desktopconfiglocal.obj
c:\users\lucao\github\personal\tightvnc-2.8.23\tightvnc-2.8.23\x64\debug\desktop\desktopserverwatcher.obj
c:\users\lucao\github\personal\tightvnc-2.8.23\tightvnc-2.8.23\x64\debug\desktop\desktopwinimpl.obj
c:\users\lucao\github\personal\tightvnc-2.8.23\tightvnc-2.8.23\x64\debug\desktop\win8cursorshape.obj
c:\users\lucao\github\personal\tightvnc-2.8.23\tightvnc-2.8.23\x64\debug\desktop\win8deskduplicationthread.obj
c:\users\lucao\github\personal\tightvnc-2.8.23\tightvnc-2.8.23\x64\debug\desktop\wincursorshapeutils.obj
c:\users\lucao\github\personal\tightvnc-2.8.23\tightvnc-2.8.23\x64\debug\desktop\windxcriticalexception.obj
c:\users\lucao\github\personal\tightvnc-2.8.23\tightvnc-2.8.23\x64\debug\desktop\windxexception.obj
c:\users\lucao\github\personal\tightvnc-2.8.23\tightvnc-2.8.23\x64\debug\desktop\windxgiacquiredframe.obj
c:\users\lucao\github\personal\tightvnc-2.8.23\tightvnc-2.8.23\x64\debug\desktop\windxgioutput.obj
c:\users\lucao\github\personal\tightvnc-2.8.23\tightvnc-2.8.23\x64\debug\desktop\windxgioutput1.obj
c:\users\lucao\github\personal\tightvnc-2.8.23\tightvnc-2.8.23\x64\debug\desktop\windxgioutputduplication.obj
c:\users\lucao\github\personal\tightvnc-2.8.23\tightvnc-2.8.23\x64\debug\desktop\windxrecoverableexception.obj
c:\users\lucao\github\personal\tightvnc-2.8.23\tightvnc-2.8.23\x64\debug\desktop\graboptimizator.obj
c:\users\lucao\github\personal\tightvnc-2.8.23\tightvnc-2.8.23\x64\debug\desktop\hookinstaller.obj
c:\users\lucao\github\personal\tightvnc-2.8.23\tightvnc-2.8.23\x64\debug\desktop\hooksupdatedetector.obj
c:\users\lucao\github\personal\tightvnc-2.8.23\tightvnc-2.8.23\x64\debug\desktop\applicationdesktopfactory.obj
c:\users\lucao\github\personal\tightvnc-2.8.23\tightvnc-2.8.23\x64\debug\desktop\clipboardlistener.obj
c:\users\lucao\github\personal\tightvnc-2.8.23\tightvnc-2.8.23\x64\debug\desktop.lib
c:\users\lucao\github\personal\tightvnc-2.8.23\tightvnc-2.8.23\x64\debug\desktop.pdb
c:\users\lucao\github\personal\tightvnc-2.8.23\tightvnc-2.8.23\x64\debug\desktop\desktop.tlog\cl.command.1.tlog
c:\users\lucao\github\personal\tightvnc-2.8.23\tightvnc-2.8.23\x64\debug\desktop\desktop.tlog\cl.read.1.tlog
c:\users\lucao\github\personal\tightvnc-2.8.23\tightvnc-2.8.23\x64\debug\desktop\desktop.tlog\cl.write.1.tlog
c:\users\lucao\github\personal\tightvnc-2.8.23\tightvnc-2.8.23\x64\debug\desktop\desktop.tlog\lib-link.read.1.tlog
c:\users\lucao\github\personal\tightvnc-2.8.23\tightvnc-2.8.23\x64\debug\desktop\desktop.tlog\lib-link.write.1.tlog
c:\users\lucao\github\personal\tightvnc-2.8.23\tightvnc-2.8.23\x64\debug\desktop\desktop.tlog\lib.command.1.tlog
