c:\users\lucao\github\personal\tightvnc-2.8.23\tightvnc-2.8.23\x64\debug\rfb\rfb.pdb
c:\users\lucao\github\personal\tightvnc-2.8.23\tightvnc-2.8.23\x64\debug\rfb\rfb.idb
c:\users\lucao\github\personal\tightvnc-2.8.23\tightvnc-2.8.23\x64\debug\rfb\authdefs.obj
c:\users\lucao\github\personal\tightvnc-2.8.23\tightvnc-2.8.23\x64\debug\rfb\cursorshape.obj
c:\users\lucao\github\personal\tightvnc-2.8.23\tightvnc-2.8.23\x64\debug\rfb\framebuffer.obj
c:\users\lucao\github\personal\tightvnc-2.8.23\tightvnc-2.8.23\x64\debug\rfb\hostpath.obj
c:\users\lucao\github\personal\tightvnc-2.8.23\tightvnc-2.8.23\x64\debug\rfb\msgdefs.obj
c:\users\lucao\github\personal\tightvnc-2.8.23\tightvnc-2.8.23\x64\debug\rfb\pixelformat.obj
c:\users\lucao\github\personal\tightvnc-2.8.23\tightvnc-2.8.23\x64\debug\rfb\rfbkeysym.obj
c:\users\lucao\github\personal\tightvnc-2.8.23\tightvnc-2.8.23\x64\debug\rfb\standardpixelformatfactory.obj
c:\users\lucao\github\personal\tightvnc-2.8.23\tightvnc-2.8.23\x64\debug\rfb\tunneldefs.obj
c:\users\lucao\github\personal\tightvnc-2.8.23\tightvnc-2.8.23\x64\debug\rfb\vendordefs.obj
c:\users\lucao\github\personal\tightvnc-2.8.23\tightvnc-2.8.23\x64\debug\rfb\encodingdefs.obj
c:\users\lucao\github\personal\tightvnc-2.8.23\tightvnc-2.8.23\x64\debug\rfb\pixelconverter.obj
c:\users\lucao\github\personal\tightvnc-2.8.23\tightvnc-2.8.23\x64\debug\rfb.lib
c:\users\lucao\github\personal\tightvnc-2.8.23\tightvnc-2.8.23\x64\debug\rfb.pdb
c:\users\lucao\github\personal\tightvnc-2.8.23\tightvnc-2.8.23\x64\debug\rfb\rfb.tlog\cl.command.1.tlog
c:\users\lucao\github\personal\tightvnc-2.8.23\tightvnc-2.8.23\x64\debug\rfb\rfb.tlog\cl.read.1.tlog
c:\users\lucao\github\personal\tightvnc-2.8.23\tightvnc-2.8.23\x64\debug\rfb\rfb.tlog\cl.write.1.tlog
c:\users\lucao\github\personal\tightvnc-2.8.23\tightvnc-2.8.23\x64\debug\rfb\rfb.tlog\lib-link.read.1.tlog
c:\users\lucao\github\personal\tightvnc-2.8.23\tightvnc-2.8.23\x64\debug\rfb\rfb.tlog\lib-link.write.1.tlog
c:\users\lucao\github\personal\tightvnc-2.8.23\tightvnc-2.8.23\x64\debug\rfb\rfb.tlog\lib.command.1.tlog
